Arguments: 
  C:\Program Files\nodejs\node.exe C:\Users\00bra\AppData\Roaming\npm\node_modules\yarn\bin\yarn.js add @react-naviagtion/native

PATH: 
  C:\Source\cmder\vendor\conemu-maximus5\ConEmu\Scripts;C:\Source\cmder\vendor\git-for-windows\cmd;C:\Source\cmder\vendor\conemu-maximus5\ConEmu\Scripts;C:\Source\cmder\vendor\conemu-maximus5;C:\Source\cmder\vendor\conemu-maximus5\ConEmu;C:\Python39\Scripts\;C:\Python39\;C:\Windows\system32;C:\Windows;C:\Windows\System32\Wbem;C:\Windows\System32\WindowsPowerShell\v1.0\;C:\Windows\System32\OpenSSH\;C:\Program Files\nodejs\;C:\ProgramData\chocolatey\bin;C:\Users\00bra\AppData\Local\Microsoft\WindowsApps;C:\Users\00bra\AppData\Roaming\npm;C:\Source\cmder\vendor\git-for-windows\mingw64\bin;C:\Source\cmder\vendor\git-for-windows\usr\bin;C:\Source\cmder\vendor\bin;C:\Source\cmder

Yarn version: 
  1.22.10

Node version: 
  14.17.0

Platform: 
  win32 x64

Trace: 
  Error: https://registry.yarnpkg.com/@react-naviagtion%2fnative: Not found
      at Request.params.callback [as _callback] (C:\Users\00bra\AppData\Roaming\npm\node_modules\yarn\lib\cli.js:66988:18)
      at Request.self.callback (C:\Users\00bra\AppData\Roaming\npm\node_modules\yarn\lib\cli.js:140662:22)
      at Request.emit (events.js:376:20)
      at Request.<anonymous> (C:\Users\00bra\AppData\Roaming\npm\node_modules\yarn\lib\cli.js:141634:10)
      at Request.emit (events.js:376:20)
      at IncomingMessage.<anonymous> (C:\Users\00bra\AppData\Roaming\npm\node_modules\yarn\lib\cli.js:141556:12)
      at Object.onceWrapper (events.js:482:28)
      at IncomingMessage.emit (events.js:388:22)
      at endReadableNT (internal/streams/readable.js:1336:12)
      at processTicksAndRejections (internal/process/task_queues.js:82:21)

npm manifest: 
  {
    "main": "node_modules/expo/AppEntry.js",
    "scripts": {
      "start": "expo start",
      "android": "expo start --android",
      "ios": "expo start --ios",
      "web": "expo start --web",
      "eject": "expo eject"
    },
    "dependencies": {
      "expo": "~41.0.1",
      "expo-status-bar": "~1.0.4",
      "react": "16.13.1",
      "react-dom": "16.13.1",
      "react-native": "https://github.com/expo/react-native/archive/sdk-41.0.0.tar.gz",
      "react-native-web": "~0.13.12"
    },
    "devDependencies": {
      "@babel/core": "^7.9.0"
    },
    "private": true
  }

yarn manifest: 
  No manifest

Lockfile: 
  No lockfile
